<?xml version="1.0" encoding="UTF-8"?>
<!-- Generated by org.testng.reporters.JUnitReportReporter -->
<testsuite hostname="CND6100SVM" name="samplePackage.Class2" tests="1" failures="0" timestamp="6 May 2017 01:09:43 GMT" time="0.000" errors="0">
  <testcase name="f" time="0.000" classname="samplePackage.Class2"/>
</testsuite> <!-- samplePackage.Class2 -->
