<?xml version="1.0" encoding="UTF-8"?>
<!-- Generated by org.testng.reporters.JUnitReportReporter -->
<testsuite hostname="CND6100SVM" name="samplePackage.Class1" tests="2" failures="0" timestamp="6 May 2017 01:09:43 GMT" time="0.004" errors="0">
  <testcase name="login" time="0.000" classname="samplePackage.Class1"/>
  <testcase name="login" time="0.004" classname="samplePackage.Class1"/>
</testsuite> <!-- samplePackage.Class1 -->
