<?xml version="1.0" encoding="UTF-8"?>
<!-- Generated by org.testng.reporters.JUnitReportReporter -->
<testsuite hostname="CND6100SVM" name="samplePackage.Class1" tests="2" failures="0" timestamp="23 Apr 2017 18:38:59 GMT" time="0.010" errors="0">
  <testcase name="login" time="0.001" classname="samplePackage.Class1"/>
  <testcase name="login" time="0.009" classname="samplePackage.Class1"/>
</testsuite> <!-- samplePackage.Class1 -->
