<?xml version="1.0" encoding="UTF-8"?>
<!-- Generated by org.testng.reporters.JUnitReportReporter -->
<testsuite hostname="CND6100SVM" name="samplePackage.Class2" tests="1" failures="0" timestamp="23 Apr 2017 18:38:58 GMT" time="0.001" errors="0">
  <testcase name="f" time="0.001" classname="samplePackage.Class2"/>
</testsuite> <!-- samplePackage.Class2 -->
